[2025-10-14 23:48:23.236]	local.info	venturan/main.go:15	log init success!
[2025-10-15 15:31:54.093]	local.info	venturan_eams/main.go:15	log init success!
[2025-10-15 15:49:52.900]	local.info	venturan_eams/main.go:15	log init success!
[2025-10-15 15:52:04.742]	local.info	venturan_eams/main.go:15	log init success!
[2025-10-15 15:54:51.920]	local.info	venturan_eams/main.go:15	log init success!
[2025-10-15 15:56:20.136]	local.info	venturan_eams/main.go:15	log init success!
[2025-10-15 15:56:46.578]	local.info	venturan_eams/main.go:15	log init success!
[2025-10-15 17:07:02.093]	local.info	venturan_eams/main.go:13	log init success!
[2025-10-15 20:41:21.165]	local.info	venturan_eams/main.go:13	log init success!
[2025-10-15 21:03:27.931]	local.info	venturan_eams/main.go:13	log init success!
[2025-10-15 21:14:01.245]	local.info	venturan_eams/main.go:13	log init success!
[2025-10-15 21:18:52.977]	local.info	venturan_eams/main.go:13	log init success!
[2025-10-15 21:20:25.317]	local.info	venturan_eams/main.go:13	log init success!
[2025-10-15 22:08:08.390]	local.info	venturan_eams/main.go:13	log init success!
[2025-10-15 22:12:34.402]	local.info	venturan_eams/main.go:13	log init success!
[2025-10-15 22:12:36.191]	local.info	venturan_eams/main.go:13	log init success!
[2025-10-15 22:12:41.735]	local.info	venturan_eams/main.go:13	log init success!
[2025-10-18 15:37:38.800]	local.info	venturan_eams/main.go:13	log init success!
[2025-10-18 15:54:49.994]	local.info	venturan_eams/main.go:13	log init success!
[2025-10-18 17:27:51.827]	local.info	venturan_eams/main.go:13	log init success!
[2025-10-18 18:05:14.013]	local.info	venturan_eams/main.go:13	log init success!
[2025-10-18 20:17:15.864]	local.info	venturan_eams/main.go:13	log init success!
[2025-10-18 20:22:09.106]	local.info	venturan_eams/main.go:13	log init success!
[2025-10-18 20:25:40.978]	local.info	venturan_eams/main.go:13	log init success!
[2025-10-18 20:39:10.058]	local.info	venturan_eams/main.go:13	log init success!
[2025-10-18 20:41:23.745]	local.info	venturan_eams/main.go:13	log init success!
[2025-10-18 20:42:08.331]	local.info	venturan_eams/main.go:13	log init success!
[2025-10-18 20:56:18.883]	local.info	venturan_eams/main.go:13	log init success!
[2025-10-18 21:03:26.062]	local.info	venturan_eams/main.go:13	log init success!
[2025-10-18 21:03:49.797]	local.info	venturan_eams/main.go:13	log init success!
[2025-10-18 21:16:21.358]	local.info	venturan_eams/main.go:13	log init success!
[2025-10-18 21:34:40.258]	local.info	venturan_eams/main.go:13	log init success!
[2025-10-18 21:59:09.314]	local.info	venturan_eams/main.go:13	log init success!
[2025-10-18 22:01:13.944]	local.info	venturan_eams/main.go:13	log init success!
[2025-10-18 22:03:17.829]	local.info	venturan_eams/main.go:13	log init success!
[2025-10-18 22:03:43.233]	local.info	venturan_eams/main.go:13	log init success!
[2025-10-18 22:04:25.567]	local.info	venturan_eams/main.go:13	log init success!
[2025-10-18 22:30:58.364]	local.info	venturan_eams/main.go:13	log init success!
[2025-10-18 22:47:24.267]	local.info	venturan_eams/main.go:13	log init success!
[2025-10-18 22:53:07.829]	local.info	venturan_eams/main.go:13	log init success!
[2025-10-18 22:55:30.373]	local.info	venturan_eams/main.go:13	log init success!
[2025-10-18 22:56:06.194]	local.info	venturan_eams/main.go:13	log init success!
[2025-10-18 23:01:24.733]	local.info	venturan_eams/main.go:13	log init success!
[2025-10-19 00:17:30.763]	local.info	venturan_eams/main.go:13	log init success!
[2025-10-19 00:17:47.869]	local.info	venturan_eams/main.go:13	log init success!
[2025-10-19 00:18:29.351]	local.info	venturan_eams/main.go:13	log init success!
[2025-10-19 00:18:29.368]	local.error	bootstrap/db.go:66	migrate table failed	{"err": "invalid field found for struct venturan/app/models.Department's field User: define a valid foreign key for relations or implement the Valuer/Scanner interface"}
[2025-10-19 00:19:12.745]	local.info	venturan_eams/main.go:13	log init success!
[2025-10-19 00:19:12.763]	local.error	bootstrap/db.go:66	migrate table failed	{"err": "invalid field found for struct venturan/app/models.Department's field User: define a valid foreign key for relations or implement the Valuer/Scanner interface"}
[2025-10-19 00:19:35.510]	local.info	venturan_eams/main.go:13	log init success!
[2025-10-19 00:19:35.526]	local.error	bootstrap/db.go:66	migrate table failed	{"err": "invalid field found for struct venturan/app/models.Department's field User: define a valid foreign key for relations or implement the Valuer/Scanner interface"}
[2025-10-19 00:19:55.013]	local.info	venturan_eams/main.go:13	log init success!
[2025-10-19 00:19:55.030]	local.error	bootstrap/db.go:66	migrate table failed	{"err": "invalid field found for struct venturan/app/models.Department's field User: define a valid foreign key for relations or implement the Valuer/Scanner interface"}
[2025-10-19 00:22:38.483]	local.info	venturan_eams/main.go:13	log init success!
[2025-10-19 00:22:38.501]	local.error	bootstrap/db.go:66	migrate table failed	{"err": "invalid field found for struct venturan/app/models.Department's field User: define a valid foreign key for relations or implement the Valuer/Scanner interface"}
[2025-10-19 00:26:58.913]	local.info	venturan_eams/main.go:13	log init success!
[2025-10-19 00:26:58.933]	local.error	bootstrap/db.go:66	migrate table failed	{"err": "invalid field found for struct venturan/app/models.Department's field User: define a valid foreign key for relations or implement the Valuer/Scanner interface"}
[2025-10-19 00:27:43.401]	local.info	venturan_eams/main.go:13	log init success!
[2025-10-19 00:27:43.434]	local.error	bootstrap/db.go:66	migrate table failed	{"err": "invalid field found for struct venturan/app/models.Department's field User: define a valid foreign key for relations or implement the Valuer/Scanner interface"}
[2025-10-19 00:30:25.089]	local.info	venturan_eams/main.go:13	log init success!
[2025-10-19 00:30:25.120]	local.error	bootstrap/db.go:66	migrate table failed	{"err": "invalid field found for struct venturan/app/models.Department's field User: define a valid foreign key for relations or implement the Valuer/Scanner interface"}
[2025-10-19 00:31:02.616]	local.info	venturan_eams/main.go:13	log init success!
[2025-10-19 00:31:02.640]	local.error	bootstrap/db.go:66	migrate table failed	{"err": "invalid field found for struct venturan/app/models.Department's field User: define a valid foreign key for relations or implement the Valuer/Scanner interface"}
[2025-10-19 00:32:45.209]	local.info	venturan_eams/main.go:13	log init success!
[2025-10-19 00:32:45.226]	local.error	bootstrap/db.go:66	migrate table failed	{"err": "invalid field found for struct venturan/app/models.Department's field Users: define a valid foreign key for relations or implement the Valuer/Scanner interface"}
[2025-10-19 01:04:18.949]	local.info	venturan_eams/main.go:13	log init success!
[2025-10-19 01:04:18.974]	local.error	bootstrap/db.go:66	migrate table failed	{"err": "invalid field found for struct venturan/app/models.Department's field Users: define a valid foreign key for relations or implement the Valuer/Scanner interface"}
[2025-10-19 01:05:05.206]	local.info	venturan_eams/main.go:13	log init success!
[2025-10-19 01:05:05.226]	local.error	bootstrap/db.go:66	migrate table failed	{"err": "invalid field found for struct venturan/app/models.Department's field Users: define a valid foreign key for relations or implement the Valuer/Scanner interface"}
[2025-10-19 01:06:22.851]	local.info	venturan_eams/main.go:13	log init success!
[2025-10-19 11:11:15.394]	local.info	venturan_eams/main.go:13	log init success!
[2025-10-19 11:11:15.500]	local.error	bootstrap/redis.go:19	Redis connect ping failed, err:	{"err": "dial tcp 127.0.0.1:6379: connect: connection refused"}
[2025-10-19 11:12:46.775]	local.info	venturan_eams/main.go:13	log init success!
[2025-10-19 11:12:46.870]	local.error	bootstrap/redis.go:19	Redis connect ping failed, err:	{"err": "dial tcp 127.0.0.1:6379: connect: connection refused"}
[2025-10-19 11:13:02.941]	local.info	venturan_eams/main.go:13	log init success!
[2025-10-19 11:13:03.042]	local.error	bootstrap/redis.go:19	Redis connect ping failed, err:	{"err": "dial tcp 127.0.0.1:6379: connect: connection refused"}
[2025-10-19 11:21:49.986]	local.info	venturan_eams/main.go:13	log init success!
[2025-10-19 11:21:50.083]	local.error	bootstrap/redis.go:19	Redis connect ping failed, err:	{"err": "dial tcp 127.0.0.1:6379: connect: connection refused"}
[2025-10-19 11:22:15.465]	local.info	venturan_eams/main.go:13	log init success!
[2025-10-19 11:22:15.482]	local.error	bootstrap/db.go:66	migrate table failed	{"err": "invalid field found for struct venturan/app/models.Department's field Users: define a valid foreign key for relations or implement the Valuer/Scanner interface"}
[2025-10-19 11:22:26.419]	local.info	venturan_eams/main.go:13	log init success!
[2025-10-19 11:22:26.436]	local.error	bootstrap/db.go:66	migrate table failed	{"err": "invalid field found for struct venturan/app/models.Department's field Users: define a valid foreign key for relations or implement the Valuer/Scanner interface"}
[2025-10-19 11:25:01.446]	local.info	venturan_eams/main.go:13	log init success!
[2025-10-19 11:25:01.545]	local.error	bootstrap/redis.go:19	Redis connect ping failed, err:	{"err": "dial tcp 127.0.0.1:6379: connect: connection refused"}
[2025-10-19 11:25:15.809]	local.info	venturan_eams/main.go:13	log init success!
[2025-10-19 11:25:15.902]	local.error	bootstrap/redis.go:19	Redis connect ping failed, err:	{"err": "dial tcp 127.0.0.1:6379: connect: connection refused"}
[2025-10-19 11:25:59.781]	local.info	venturan_eams/main.go:13	log init success!
[2025-10-19 11:25:59.871]	local.error	bootstrap/redis.go:19	Redis connect ping failed, err:	{"err": "dial tcp 127.0.0.1:6379: connect: connection refused"}
[2025-10-19 11:26:11.835]	local.info	venturan_eams/main.go:13	log init success!
[2025-10-19 11:26:11.925]	local.error	bootstrap/redis.go:19	Redis connect ping failed, err:	{"err": "dial tcp 127.0.0.1:6379: connect: connection refused"}
[2025-10-19 11:26:43.023]	local.info	venturan_eams/main.go:13	log init success!
[2025-10-19 11:26:43.113]	local.error	bootstrap/redis.go:19	Redis connect ping failed, err:	{"err": "dial tcp 127.0.0.1:6379: connect: connection refused"}
[2025-10-19 11:30:54.950]	local.info	venturan_eams/main.go:13	log init success!
[2025-10-19 11:30:55.038]	local.error	bootstrap/redis.go:19	Redis connect ping failed, err:	{"err": "dial tcp 127.0.0.1:6379: connect: connection refused"}
[2025-10-19 11:31:07.335]	local.info	venturan_eams/main.go:13	log init success!
[2025-10-19 11:31:07.424]	local.error	bootstrap/redis.go:19	Redis connect ping failed, err:	{"err": "dial tcp 127.0.0.1:6379: connect: connection refused"}
[2025-10-19 11:31:27.802]	local.info	venturan_eams/main.go:13	log init success!
[2025-10-19 11:31:27.895]	local.error	bootstrap/redis.go:19	Redis connect ping failed, err:	{"err": "dial tcp 127.0.0.1:6379: connect: connection refused"}
[2025-10-19 11:31:43.762]	local.info	venturan_eams/main.go:13	log init success!
[2025-10-19 11:31:43.854]	local.error	bootstrap/redis.go:19	Redis connect ping failed, err:	{"err": "dial tcp 127.0.0.1:6379: connect: connection refused"}
[2025-10-19 11:35:01.056]	local.info	venturan_eams/main.go:13	log init success!
[2025-10-19 11:35:01.153]	local.error	bootstrap/redis.go:19	Redis connect ping failed, err:	{"err": "dial tcp 127.0.0.1:6379: connect: connection refused"}
[2025-10-19 11:36:43.634]	local.info	venturan_eams/main.go:13	log init success!
[2025-10-19 11:36:43.731]	local.error	bootstrap/redis.go:19	Redis connect ping failed, err:	{"err": "dial tcp 127.0.0.1:6379: connect: connection refused"}
[2025-10-19 11:38:10.336]	local.info	venturan_eams/main.go:13	log init success!
[2025-10-19 11:38:10.438]	local.error	bootstrap/redis.go:19	Redis connect ping failed, err:	{"err": "dial tcp 127.0.0.1:6379: connect: connection refused"}
[2025-10-19 11:38:21.415]	local.info	venturan_eams/main.go:13	log init success!
[2025-10-19 11:38:21.510]	local.error	bootstrap/redis.go:19	Redis connect ping failed, err:	{"err": "dial tcp 127.0.0.1:6379: connect: connection refused"}
[2025-10-19 11:39:44.582]	local.info	venturan_eams/main.go:13	log init success!
[2025-10-19 11:39:44.679]	local.error	bootstrap/redis.go:19	Redis connect ping failed, err:	{"err": "dial tcp 127.0.0.1:6379: connect: connection refused"}
[2025-10-19 13:18:02.880]	local.info	venturan_eams/main.go:13	log init success!
[2025-10-19 13:18:02.971]	local.error	bootstrap/redis.go:19	Redis connect ping failed, err:	{"err": "dial tcp 127.0.0.1:6379: connect: connection refused"}
[2025-10-19 13:18:16.853]	local.info	venturan_eams/main.go:13	log init success!
[2025-10-19 13:18:16.943]	local.error	bootstrap/redis.go:19	Redis connect ping failed, err:	{"err": "dial tcp 127.0.0.1:6379: connect: connection refused"}
[2025-10-19 13:19:57.126]	local.info	venturan_eams/main.go:13	log init success!
[2025-10-19 13:19:57.144]	local.error	bootstrap/db.go:66	migrate table failed	{"err": "invalid field found for struct venturan/app/models.Department's field Users: define a valid foreign key for relations or implement the Valuer/Scanner interface"}
[2025-10-19 13:32:54.801]	local.info	venturan_eams/main.go:13	log init success!
[2025-10-19 13:32:54.890]	local.error	bootstrap/redis.go:19	Redis connect ping failed, err:	{"err": "dial tcp 127.0.0.1:6379: connect: connection refused"}
[2025-10-19 13:34:25.537]	local.info	venturan_eams/main.go:13	log init success!
[2025-10-19 13:34:25.633]	local.error	bootstrap/redis.go:19	Redis connect ping failed, err:	{"err": "dial tcp 127.0.0.1:6379: connect: connection refused"}
[2025-10-19 13:34:42.587]	local.info	venturan_eams/main.go:13	log init success!
[2025-10-19 13:34:42.689]	local.error	bootstrap/redis.go:19	Redis connect ping failed, err:	{"err": "dial tcp 127.0.0.1:6379: connect: connection refused"}
[2025-10-19 13:52:34.788]	local.info	venturan_eams/main.go:13	log init success!
[2025-10-19 13:52:34.890]	local.error	bootstrap/redis.go:19	Redis connect ping failed, err:	{"err": "dial tcp 127.0.0.1:6379: connect: connection refused"}
[2025-10-19 13:52:46.987]	local.info	venturan_eams/main.go:13	log init success!
[2025-10-19 13:52:47.088]	local.error	bootstrap/redis.go:19	Redis connect ping failed, err:	{"err": "dial tcp 127.0.0.1:6379: connect: connection refused"}
[2025-10-19 14:00:31.345]	local.info	venturan_eams/main.go:13	log init success!
[2025-10-19 14:00:31.443]	local.error	bootstrap/redis.go:19	Redis connect ping failed, err:	{"err": "dial tcp 127.0.0.1:6379: connect: connection refused"}
[2025-10-19 14:01:59.971]	local.info	venturan_eams/main.go:13	log init success!
[2025-10-19 14:02:00.067]	local.error	bootstrap/redis.go:19	Redis connect ping failed, err:	{"err": "dial tcp 127.0.0.1:6379: connect: connection refused"}
[2025-10-19 14:11:33.094]	local.info	venturan_eams/main.go:13	log init success!
[2025-10-19 14:11:33.191]	local.error	bootstrap/redis.go:19	Redis connect ping failed, err:	{"err": "dial tcp 127.0.0.1:6379: connect: connection refused"}
[2025-10-19 15:36:53.868]	local.info	venturan_eams/main.go:13	log init success!
[2025-10-19 15:36:53.972]	local.error	bootstrap/redis.go:19	Redis connect ping failed, err:	{"err": "dial tcp 127.0.0.1:6379: connect: connection refused"}
[2025-10-19 15:37:59.874]	local.info	venturan_eams/main.go:13	log init success!
[2025-10-19 15:37:59.969]	local.error	bootstrap/redis.go:19	Redis connect ping failed, err:	{"err": "dial tcp 127.0.0.1:6379: connect: connection refused"}
[2025-10-19 15:43:28.468]	local.info	venturan_eams/main.go:13	log init success!
[2025-10-19 15:43:28.565]	local.error	bootstrap/redis.go:19	Redis connect ping failed, err:	{"err": "dial tcp 127.0.0.1:6379: connect: connection refused"}
[2025-10-19 15:46:40.833]	local.info	venturan_eams/main.go:13	log init success!
[2025-10-19 15:46:40.927]	local.error	bootstrap/redis.go:19	Redis connect ping failed, err:	{"err": "dial tcp 127.0.0.1:6379: connect: connection refused"}
[2025-10-19 15:51:01.206]	local.info	venturan_eams/main.go:13	log init success!
[2025-10-19 15:51:01.297]	local.error	bootstrap/redis.go:19	Redis connect ping failed, err:	{"err": "dial tcp 127.0.0.1:6379: connect: connection refused"}
[2025-10-19 15:52:10.944]	local.info	venturan_eams/main.go:13	log init success!
[2025-10-19 15:52:11.036]	local.error	bootstrap/redis.go:19	Redis connect ping failed, err:	{"err": "dial tcp 127.0.0.1:6379: connect: connection refused"}
[2025-10-19 16:01:19.546]	local.info	venturan_eams/main.go:13	log init success!
[2025-10-19 16:01:19.641]	local.error	bootstrap/redis.go:19	Redis connect ping failed, err:	{"err": "dial tcp 127.0.0.1:6379: connect: connection refused"}
[2025-10-19 16:14:15.556]	local.info	venturan_eams/main.go:13	log init success!
[2025-10-19 20:15:20.074]	local.info	venturan_eams/main.go:13	log init success!
[2025-10-19 20:19:28.230]	local.info	venturan_eams/main.go:13	log init success!
[2025-10-19 20:31:31.981]	local.info	venturan_eams/main.go:27	log init success!
[2025-10-19 20:32:08.330]	local.info	venturan_eams/main.go:27	log init success!
[2025-10-19 20:34:05.813]	local.info	venturan_eams/main.go:23	log init success!
[2025-10-19 20:36:35.609]	local.info	venturan_eams/main.go:23	log init success!
[2025-10-19 20:36:50.242]	local.info	venturan_eams/main.go:23	log init success!
[2025-10-19 20:40:12.806]	local.info	venturan_eams/main.go:23	log init success!
[2025-10-19 20:40:33.054]	local.info	venturan_eams/main.go:23	log init success!
[2025-10-19 20:41:00.182]	local.info	venturan_eams/main.go:23	log init success!
[2025-10-19 21:24:40.541]	local.info	venturan_eams/main.go:23	log init success!
[2025-10-19 21:25:48.772]	local.info	venturan_eams/main.go:23	log init success!
[2025-10-19 21:26:10.020]	local.info	venturan_eams/main.go:23	log init success!
[2025-10-19 21:31:48.186]	local.info	venturan_eams/main.go:23	log init success!
[2025-10-19 21:31:52.649]	local.info	venturan_eams/main.go:23	log init success!
[2025-10-19 21:32:26.497]	local.info	venturan_eams/main.go:23	log init success!
[2025-10-19 21:33:17.015]	local.info	venturan_eams/main.go:23	log init success!
[2025-10-19 21:33:22.162]	local.info	venturan_eams/main.go:23	log init success!
[2025-10-19 21:37:26.114]	local.info	venturan_eams/main.go:23	log init success!
[2025-10-19 22:12:24.103]	local.info	venturan_eams/main.go:23	log init success!
[2025-10-19 22:13:26.464]	local.info	venturan_eams/main.go:23	log init success!
[2025-10-19 22:47:35.784]	local.info	venturan_eams/main.go:23	log init success!
[2025-10-19 22:49:28.359]	local.info	venturan_eams/main.go:23	log init success!
[2025-10-19 22:50:02.366]	local.info	venturan_eams/main.go:23	log init success!
[2025-10-21 00:36:49.968]	local.info	venturan_eams/main.go:23	log init success!
[2025-10-21 00:39:53.126]	local.info	venturan_eams/main.go:23	log init success!
[2025-10-21 00:41:03.335]	local.info	venturan_eams/main.go:23	log init success!
[2025-10-21 00:53:03.463]	local.info	venturan_eams/main.go:23	log init success!
[2025-10-21 00:53:40.965]	local.info	venturan_eams/main.go:23	log init success!
[2025-10-21 00:53:49.245]	local.info	venturan_eams/main.go:23	log init success!
[2025-10-21 00:59:23.669]	local.info	venturan_eams/main.go:23	log init success!
[2025-10-21 01:01:17.079]	local.info	venturan_eams/main.go:23	log init success!
[2025-10-21 01:02:06.078]	local.info	venturan_eams/main.go:23	log init success!
[2025-10-22 21:58:21.618]	local.info	venturan_eams/main.go:23	log init success!
[2025-10-22 22:21:52.406]	local.info	venturan_eams/main.go:23	log init success!
[2025-10-22 22:22:39.557]	local.info	venturan_eams/main.go:23	log init success!
[2025-10-22 22:23:22.735]	local.info	venturan_eams/main.go:23	log init success!
[2025-10-22 22:26:42.434]	local.info	venturan_eams/main.go:23	log init success!
[2025-10-22 22:28:16.203]	local.info	venturan_eams/main.go:23	log init success!
[2025-10-22 22:28:54.759]	local.info	venturan_eams/main.go:23	log init success!
[2025-10-22 22:29:25.653]	local.info	venturan_eams/main.go:23	log init success!
[2025-10-22 22:38:06.010]	local.info	venturan_eams/main.go:23	log init success!
[2025-10-22 22:38:46.435]	local.info	venturan_eams/main.go:23	log init success!
[2025-10-22 22:43:48.671]	local.info	venturan_eams/main.go:23	log init success!
[2025-10-22 22:46:26.904]	local.info	venturan_eams/main.go:23	log init success!
[2025-10-22 22:47:08.673]	local.info	venturan_eams/main.go:23	log init success!
[2025-10-22 23:53:41.618]	local.info	venturan_eams/main.go:23	log init success!
[2025-10-22 23:55:20.245]	local.info	venturan_eams/main.go:23	log init success!
[2025-10-23 00:03:09.782]	local.info	venturan_eams/main.go:23	log init success!
[2025-10-23 00:04:20.622]	local.info	venturan_eams/main.go:23	log init success!
[2025-10-23 00:05:00.464]	local.info	venturan_eams/main.go:23	log init success!
[2025-10-23 00:05:06.670]	local.info	venturan_eams/main.go:23	log init success!
[2025-10-23 00:05:48.361]	local.info	venturan_eams/main.go:23	log init success!
[2025-10-23 00:06:12.005]	local.info	venturan_eams/main.go:23	log init success!
[2025-10-23 00:11:10.975]	local.info	venturan_eams/main.go:23	log init success!
[2025-10-23 00:13:22.490]	local.info	venturan_eams/main.go:23	log init success!
[2025-10-23 00:28:08.979]	local.info	venturan_eams/main.go:23	log init success!
[2025-10-23 00:28:16.016]	local.info	venturan_eams/main.go:23	log init success!
[2025-10-23 00:29:26.935]	local.info	venturan_eams/main.go:23	log init success!
[2025-10-23 00:30:10.732]	local.info	venturan_eams/main.go:23	log init success!
[2025-10-23 00:32:30.667]	local.info	venturan_eams/main.go:23	log init success!
[2025-10-23 00:32:43.315]	local.info	venturan_eams/main.go:23	log init success!
[2025-10-23 00:33:18.723]	local.info	venturan_eams/main.go:23	log init success!
[2025-10-23 00:33:43.250]	local.info	venturan_eams/main.go:23	log init success!
[2025-10-23 00:34:15.622]	local.info	venturan_eams/main.go:23	log init success!
[2025-10-23 00:35:08.742]	local.info	venturan_eams/main.go:23	log init success!
[2025-10-23 21:44:29.236]	local.info	venturan_eams/main.go:23	log init success!
[2025-10-23 21:50:55.710]	local.info	venturan_eams/main.go:23	log init success!
[2025-10-23 23:27:28.106]	local.info	venturan_eams/main.go:23	log init success!
[2025-10-23 23:50:06.438]	local.info	venturan_eams/main.go:23	log init success!
[2025-10-23 23:50:23.003]	local.info	venturan_eams/main.go:23	log init success!
[2025-10-24 00:01:53.494]	local.info	venturan_eams/main.go:23	log init success!
[2025-10-24 00:02:52.977]	local.info	venturan_eams/main.go:23	log init success!
[2025-10-24 00:03:09.987]	local.info	venturan_eams/main.go:23	log init success!
[2025-10-24 00:04:56.177]	local.info	venturan_eams/main.go:23	log init success!
[2025-10-24 00:06:14.482]	local.info	venturan_eams/main.go:23	log init success!
[2025-10-24 00:12:58.915]	local.info	venturan_eams/main.go:23	log init success!
[2025-10-24 00:23:22.610]	local.info	venturan_eams/main.go:23	log init success!
[2025-10-24 00:24:01.641]	local.info	venturan_eams/main.go:23	log init success!
[2025-10-24 00:25:15.466]	local.info	venturan_eams/main.go:23	log init success!
[2025-10-24 00:25:57.500]	local.info	venturan_eams/main.go:23	log init success!
[2025-10-24 00:27:10.311]	local.info	venturan_eams/main.go:23	log init success!
[2025-10-24 00:27:10.343]	local.error	bootstrap/cron.go:19	Cron task add failed, err:	{"err": "expected exactly 5 fields, found 6: [0 0 2 * * ?]"}
[2025-10-25 00:23:53.929]	local.info	venturan_eams/main.go:23	log init success!
[2025-10-25 00:23:53.979]	local.error	bootstrap/cron.go:19	Cron task add failed, err:	{"err": "expected exactly 5 fields, found 6: [0 0 2 * * ?]"}
[2025-10-25 00:24:23.911]	local.info	venturan_eams/main.go:23	log init success!
[2025-10-25 00:24:23.940]	local.error	bootstrap/cron.go:19	Cron task add failed, err:	{"err": "expected exactly 5 fields, found 6: [0 0 2 * * ?]"}
[2025-10-25 00:34:11.023]	local.info	venturan_eams/main.go:23	log init success!
[2025-10-25 00:34:11.079]	local.error	bootstrap/cron.go:19	Cron task add failed, err:	{"err": "expected exactly 5 fields, found 6: [0 0 2 * * ?]"}
[2025-10-25 00:39:25.144]	local.info	venturan_eams/main.go:23	log init success!
[2025-10-25 00:39:25.176]	local.error	bootstrap/cron.go:19	Cron task add failed, err:	{"err": "expected exactly 5 fields, found 6: [0 0 2 * * ?]"}
[2025-10-25 00:46:09.100]	local.info	venturan_eams/main.go:23	log init success!
[2025-10-25 00:46:09.136]	local.error	bootstrap/cron.go:19	Cron task add failed, err:	{"err": "expected exactly 5 fields, found 6: [0 0 2 * * ?]"}
[2025-10-25 00:50:50.577]	local.info	venturan_eams/main.go:23	log init success!
[2025-10-25 00:50:50.614]	local.error	bootstrap/cron.go:19	Cron task add failed, err:	{"err": "expected exactly 5 fields, found 6: [0 0 2 * * ?]"}
[2025-10-25 00:51:28.008]	local.info	venturan_eams/main.go:23	log init success!
[2025-10-25 00:51:28.040]	local.error	bootstrap/cron.go:19	Cron task add failed, err:	{"err": "expected exactly 5 fields, found 6: [0 0 2 * * ?]"}
[2025-10-25 11:36:30.345]	local.info	venturan_eams/main.go:23	log init success!
[2025-10-25 11:36:30.463]	local.error	bootstrap/redis.go:19	Redis connect ping failed, err:	{"err": "dial tcp 127.0.0.1:6379: connect: connection refused"}
[2025-10-25 11:36:30.463]	local.error	bootstrap/cron.go:19	Cron task add failed, err:	{"err": "expected exactly 5 fields, found 6: [0 0 2 * * ?]"}
[2025-10-25 11:36:41.552]	local.info	venturan_eams/main.go:23	log init success!
[2025-10-25 11:36:41.585]	local.error	bootstrap/cron.go:19	Cron task add failed, err:	{"err": "expected exactly 5 fields, found 6: [0 0 2 * * ?]"}
[2025-10-25 14:04:47.962]	local.info	venturan_eams/main.go:23	log init success!
[2025-10-25 14:04:48.009]	local.error	bootstrap/cron.go:19	Cron task add failed, err:	{"err": "expected exactly 5 fields, found 6: [0 0 2 * * ?]"}
[2025-10-25 14:48:42.215]	local.info	venturan_eams/main.go:23	log init success!
[2025-10-25 14:48:42.253]	local.error	bootstrap/cron.go:19	Cron task add failed, err:	{"err": "expected exactly 5 fields, found 6: [0 0 2 * * ?]"}
[2025-10-25 14:48:57.636]	local.info	venturan_eams/main.go:23	log init success!
[2025-10-25 14:48:57.668]	local.error	bootstrap/cron.go:19	Cron task add failed, err:	{"err": "expected exactly 5 fields, found 6: [0 0 2 * * ?]"}
[2025-10-25 14:57:18.651]	local.info	venturan_eams/main.go:23	log init success!
[2025-10-25 14:57:18.681]	local.error	bootstrap/cron.go:19	Cron task add failed, err:	{"err": "expected exactly 5 fields, found 6: [0 0 2 * * ?]"}
[2025-10-25 14:58:06.245]	local.info	venturan_eams/main.go:23	log init success!
[2025-10-25 14:58:06.280]	local.error	bootstrap/cron.go:19	Cron task add failed, err:	{"err": "expected exactly 5 fields, found 6: [0 0 2 * * ?]"}
[2025-10-25 14:58:48.090]	local.info	venturan_eams/main.go:23	log init success!
[2025-10-25 14:58:48.119]	local.error	bootstrap/cron.go:19	Cron task add failed, err:	{"err": "expected exactly 5 fields, found 6: [0 0 2 * * ?]"}
[2025-10-25 14:59:11.340]	local.info	venturan_eams/main.go:23	log init success!
[2025-10-25 14:59:11.370]	local.error	bootstrap/cron.go:19	Cron task add failed, err:	{"err": "expected exactly 5 fields, found 6: [0 0 2 * * ?]"}
[2025-10-25 15:10:45.141]	local.info	venturan_eams/main.go:23	log init success!
[2025-10-25 15:10:45.170]	local.error	bootstrap/cron.go:19	Cron task add failed, err:	{"err": "expected exactly 5 fields, found 6: [0 0 2 * * ?]"}
[2025-10-25 15:11:02.162]	local.info	venturan_eams/main.go:23	log init success!
[2025-10-25 15:11:02.201]	local.error	bootstrap/cron.go:19	Cron task add failed, err:	{"err": "expected exactly 5 fields, found 6: [0 0 2 * * ?]"}
[2025-10-25 15:12:26.294]	local.info	venturan_eams/main.go:23	log init success!
[2025-10-25 15:12:26.328]	local.error	bootstrap/cron.go:19	Cron task add failed, err:	{"err": "expected exactly 5 fields, found 6: [0 0 2 * * ?]"}
[2025-10-25 15:12:40.779]	local.info	venturan_eams/main.go:23	log init success!
[2025-10-25 15:12:40.812]	local.error	bootstrap/cron.go:19	Cron task add failed, err:	{"err": "expected exactly 5 fields, found 6: [0 0 2 * * ?]"}
[2025-10-25 15:12:53.268]	local.info	venturan_eams/main.go:23	log init success!
[2025-10-25 15:12:53.303]	local.error	bootstrap/cron.go:19	Cron task add failed, err:	{"err": "expected exactly 5 fields, found 6: [0 0 2 * * ?]"}
[2025-10-25 15:13:10.213]	local.info	venturan_eams/main.go:23	log init success!
[2025-10-25 15:13:10.243]	local.error	bootstrap/cron.go:19	Cron task add failed, err:	{"err": "expected exactly 5 fields, found 6: [0 0 2 * * ?]"}
[2025-10-25 15:16:20.575]	local.info	venturan_eams/main.go:23	log init success!
[2025-10-25 15:16:20.607]	local.error	bootstrap/cron.go:19	Cron task add failed, err:	{"err": "expected exactly 5 fields, found 6: [0 0 2 * * ?]"}
[2025-10-25 15:16:33.429]	local.info	venturan_eams/main.go:23	log init success!
[2025-10-25 15:16:33.463]	local.error	bootstrap/cron.go:19	Cron task add failed, err:	{"err": "expected exactly 5 fields, found 6: [0 0 2 * * ?]"}
[2025-10-25 15:41:57.954]	local.info	venturan_eams/main.go:23	log init success!
[2025-10-25 15:41:57.996]	local.error	bootstrap/cron.go:19	Cron task add failed, err:	{"err": "expected exactly 5 fields, found 6: [0 0 2 * * ?]"}
[2025-10-25 15:42:20.720]	local.info	venturan_eams/main.go:23	log init success!
[2025-10-25 15:42:20.742]	local.error	bootstrap/cron.go:19	Cron task add failed, err:	{"err": "expected exactly 5 fields, found 6: [0 0 2 * * ?]"}
[2025-10-25 15:43:01.085]	local.info	venturan_eams/main.go:23	log init success!
[2025-10-25 15:43:01.124]	local.error	bootstrap/cron.go:19	Cron task add failed, err:	{"err": "expected exactly 5 fields, found 6: [0 0 2 * * ?]"}
[2025-10-25 15:43:20.951]	local.info	venturan_eams/main.go:23	log init success!
[2025-10-25 15:43:20.992]	local.error	bootstrap/cron.go:19	Cron task add failed, err:	{"err": "expected exactly 5 fields, found 6: [0 0 2 * * ?]"}
[2025-10-25 15:44:22.234]	local.info	venturan_eams/main.go:23	log init success!
[2025-10-25 15:44:22.261]	local.error	bootstrap/cron.go:19	Cron task add failed, err:	{"err": "expected exactly 5 fields, found 6: [0 0 2 * * ?]"}
[2025-10-25 15:45:35.367]	local.info	venturan_eams/main.go:23	log init success!
[2025-10-25 15:45:35.398]	local.error	bootstrap/cron.go:19	Cron task add failed, err:	{"err": "expected exactly 5 fields, found 6: [0 0 2 * * ?]"}
[2025-10-25 16:08:51.350]	local.info	venturan_eams/main.go:23	log init success!
[2025-10-25 16:08:51.399]	local.error	bootstrap/cron.go:19	Cron task add failed, err:	{"err": "expected exactly 5 fields, found 6: [0 0 2 * * ?]"}
[2025-10-25 19:15:03.252]	local.info	venturan_eams/main.go:23	log init success!
[2025-10-25 19:15:03.355]	local.error	bootstrap/cron.go:19	Cron task add failed, err:	{"err": "expected exactly 5 fields, found 6: [0 0 2 * * ?]"}
[2025-10-25 21:22:44.361]	local.info	venturan_eams/main.go:23	log init success!
[2025-10-25 21:22:44.430]	local.error	bootstrap/cron.go:19	Cron task add failed, err:	{"err": "expected exactly 5 fields, found 6: [0 0 2 * * ?]"}
[2025-10-25 21:37:12.664]	local.info	venturan_eams/main.go:23	log init success!
[2025-10-25 21:37:12.732]	local.error	bootstrap/cron.go:19	Cron task add failed, err:	{"err": "expected exactly 5 fields, found 6: [0 0 2 * * ?]"}
[2025-10-25 21:38:20.313]	local.info	venturan_eams/main.go:23	log init success!
[2025-10-25 21:38:20.352]	local.error	bootstrap/cron.go:19	Cron task add failed, err:	{"err": "expected exactly 5 fields, found 6: [0 0 2 * * ?]"}
[2025-10-25 21:38:28.795]	local.info	venturan_eams/main.go:23	log init success!
[2025-10-25 21:38:28.827]	local.error	bootstrap/cron.go:19	Cron task add failed, err:	{"err": "expected exactly 5 fields, found 6: [0 0 2 * * ?]"}
[2025-10-25 22:01:48.753]	local.info	venturan_eams/main.go:23	log init success!
[2025-10-25 22:01:48.791]	local.error	bootstrap/cron.go:19	Cron task add failed, err:	{"err": "expected exactly 5 fields, found 6: [0 0 2 * * ?]"}
[2025-10-25 22:09:07.826]	local.info	venturan_eams/main.go:23	log init success!
[2025-10-25 22:09:07.867]	local.error	bootstrap/cron.go:19	Cron task add failed, err:	{"err": "expected exactly 5 fields, found 6: [0 0 2 * * ?]"}
[2025-10-25 22:09:21.296]	local.info	venturan_eams/main.go:23	log init success!
[2025-10-25 22:09:21.326]	local.error	bootstrap/cron.go:19	Cron task add failed, err:	{"err": "expected exactly 5 fields, found 6: [0 0 2 * * ?]"}
[2025-10-25 23:25:14.725]	local.info	venturan_eams/main.go:23	log init success!
[2025-10-25 23:25:14.848]	local.error	bootstrap/cron.go:19	Cron task add failed, err:	{"err": "expected exactly 5 fields, found 6: [0 0 2 * * ?]"}
[2025-10-25 23:28:47.517]	local.info	venturan_eams/main.go:23	log init success!
[2025-10-25 23:28:47.571]	local.error	bootstrap/cron.go:19	Cron task add failed, err:	{"err": "expected exactly 5 fields, found 6: [0 0 2 * * ?]"}
[2025-10-25 23:32:10.429]	local.info	venturan_eams/main.go:23	log init success!
[2025-10-25 23:32:10.476]	local.error	bootstrap/cron.go:19	Cron task add failed, err:	{"err": "expected exactly 5 fields, found 6: [0 0 2 * * ?]"}
[2025-10-25 23:34:42.079]	local.info	venturan_eams/main.go:23	log init success!
[2025-10-25 23:34:42.113]	local.error	bootstrap/cron.go:19	Cron task add failed, err:	{"err": "expected exactly 5 fields, found 6: [0 0 2 * * ?]"}
[2025-10-25 23:38:41.166]	local.info	venturan_eams/main.go:23	log init success!
[2025-10-25 23:38:41.220]	local.error	bootstrap/cron.go:19	Cron task add failed, err:	{"err": "expected exactly 5 fields, found 6: [0 0 2 * * ?]"}
[2025-10-26 00:14:42.382]	local.info	venturan_eams/main.go:23	log init success!
[2025-10-26 00:14:42.441]	local.error	bootstrap/cron.go:19	Cron task add failed, err:	{"err": "expected exactly 5 fields, found 6: [0 0 2 * * ?]"}
[2025-10-26 10:28:23.812]	local.info	venturan_eams/main.go:23	log init success!
[2025-10-26 10:28:23.864]	local.error	bootstrap/cron.go:19	Cron task add failed, err:	{"err": "expected exactly 5 fields, found 6: [0 0 2 * * ?]"}
[2025-10-26 15:36:38.876]	local.info	venturan_eams/main.go:23	log init success!
[2025-10-26 15:36:38.936]	local.error	bootstrap/cron.go:19	Cron task add failed, err:	{"err": "expected exactly 5 fields, found 6: [0 0 2 * * ?]"}
[2025-10-26 18:05:50.548]	local.info	venturan_eams/main.go:23	log init success!
[2025-10-26 18:05:50.616]	local.error	bootstrap/cron.go:19	Cron task add failed, err:	{"err": "expected exactly 5 fields, found 6: [0 0 2 * * ?]"}
[2025-10-26 19:40:31.256]	local.info	venturan_eams/main.go:23	log init success!
[2025-10-26 19:40:31.291]	local.error	bootstrap/cron.go:19	Cron task add failed, err:	{"err": "expected exactly 5 fields, found 6: [0 0 2 * * ?]"}
[2025-10-27 23:24:12.467]	local.info	venturan_eams/main.go:23	log init success!
[2025-10-27 23:24:12.523]	local.error	bootstrap/cron.go:19	Cron task add failed, err:	{"err": "expected exactly 5 fields, found 6: [0 0 2 * * ?]"}
[2025-10-28 00:37:15.247]	local.info	venturan_eams/main.go:23	log init success!
[2025-10-28 00:37:15.351]	local.error	bootstrap/cron.go:19	Cron task add failed, err:	{"err": "expected exactly 5 fields, found 6: [0 0 2 * * ?]"}
[2025-10-28 00:49:46.532]	local.info	venturan_eams/main.go:23	log init success!
[2025-10-28 00:49:46.571]	local.error	bootstrap/cron.go:19	Cron task add failed, err:	{"err": "expected exactly 5 fields, found 6: [0 0 2 * * ?]"}
[2025-10-28 00:51:13.893]	local.info	venturan_eams/main.go:23	log init success!
[2025-10-28 00:51:13.935]	local.error	bootstrap/cron.go:19	Cron task add failed, err:	{"err": "expected exactly 5 fields, found 6: [0 0 2 * * ?]"}
[2025-10-28 00:53:11.159]	local.info	venturan_eams/main.go:23	log init success!
[2025-10-28 00:53:11.197]	local.error	bootstrap/cron.go:19	Cron task add failed, err:	{"err": "expected exactly 5 fields, found 6: [0 0 2 * * ?]"}
[2025-10-28 00:56:07.270]	local.info	venturan_eams/main.go:23	log init success!
[2025-10-28 00:56:07.310]	local.error	bootstrap/cron.go:19	Cron task add failed, err:	{"err": "expected exactly 5 fields, found 6: [0 0 2 * * ?]"}
[2025-10-28 00:58:05.340]	local.info	venturan_eams/main.go:23	log init success!
[2025-10-28 00:58:05.382]	local.error	bootstrap/cron.go:19	Cron task add failed, err:	{"err": "expected exactly 5 fields, found 6: [0 0 2 * * ?]"}
[2025-10-28 01:00:07.117]	local.info	venturan_eams/main.go:23	log init success!
[2025-10-28 01:00:07.153]	local.error	bootstrap/cron.go:19	Cron task add failed, err:	{"err": "expected exactly 5 fields, found 6: [0 0 2 * * ?]"}
[2025-10-28 22:33:06.092]	local.info	venturan_eams/main.go:23	log init success!
[2025-10-28 22:33:06.179]	local.error	bootstrap/cron.go:19	Cron task add failed, err:	{"err": "expected exactly 5 fields, found 6: [0 0 2 * * ?]"}
[2025-10-28 23:44:47.002]	local.info	venturan_eams/main.go:23	log init success!
[2025-10-28 23:44:47.035]	local.error	bootstrap/cron.go:19	Cron task add failed, err:	{"err": "expected exactly 5 fields, found 6: [0 0 2 * * ?]"}
[2025-10-28 23:45:41.295]	local.info	venturan_eams/main.go:23	log init success!
[2025-10-28 23:45:41.335]	local.error	bootstrap/cron.go:19	Cron task add failed, err:	{"err": "expected exactly 5 fields, found 6: [0 0 2 * * ?]"}
[2025-10-28 23:47:06.888]	local.info	venturan_eams/main.go:23	log init success!
[2025-10-28 23:47:06.924]	local.error	bootstrap/cron.go:19	Cron task add failed, err:	{"err": "expected exactly 5 fields, found 6: [0 0 2 * * ?]"}
[2025-10-28 23:48:56.080]	local.info	venturan_eams/main.go:23	log init success!
[2025-10-28 23:48:56.128]	local.error	bootstrap/cron.go:19	Cron task add failed, err:	{"err": "expected exactly 5 fields, found 6: [0 0 2 * * ?]"}
[2025-10-29 00:40:41.340]	local.info	venturan_eams/main.go:23	log init success!
[2025-10-29 00:40:41.399]	local.error	bootstrap/cron.go:19	Cron task add failed, err:	{"err": "expected exactly 5 fields, found 6: [0 0 2 * * ?]"}
[2025-10-29 23:31:09.373]	local.info	venturan_eams/main.go:23	log init success!
[2025-10-29 23:31:09.432]	local.error	bootstrap/cron.go:19	Cron task add failed, err:	{"err": "expected exactly 5 fields, found 6: [0 0 2 * * ?]"}
[2025-10-30 22:24:55.168]	local.info	venturan_eams/main.go:23	log init success!
[2025-10-30 22:24:55.240]	local.error	bootstrap/cron.go:19	Cron task add failed, err:	{"err": "expected exactly 5 fields, found 6: [0 0 2 * * ?]"}
[2025-10-30 23:09:24.671]	local.info	venturan_eams/main.go:23	log init success!
[2025-10-30 23:09:24.720]	local.error	bootstrap/cron.go:19	Cron task add failed, err:	{"err": "expected exactly 5 fields, found 6: [0 0 2 * * ?]"}
[2025-10-30 23:14:59.590]	local.info	venturan_eams/main.go:23	log init success!
[2025-10-30 23:14:59.638]	local.error	bootstrap/cron.go:19	Cron task add failed, err:	{"err": "expected exactly 5 fields, found 6: [0 0 2 * * ?]"}
[2025-10-30 23:19:53.338]	local.info	venturan_eams/main.go:23	log init success!
[2025-10-30 23:19:53.380]	local.error	bootstrap/cron.go:19	Cron task add failed, err:	{"err": "expected exactly 5 fields, found 6: [0 0 2 * * ?]"}
[2025-10-31 20:16:26.400]	local.info	venturan_eams/main.go:23	log init success!
[2025-10-31 20:16:26.464]	local.error	bootstrap/cron.go:19	Cron task add failed, err:	{"err": "expected exactly 5 fields, found 6: [0 0 2 * * ?]"}
[2025-10-31 20:18:32.350]	local.info	venturan_eams/main.go:23	log init success!
[2025-10-31 20:18:32.412]	local.error	bootstrap/cron.go:19	Cron task add failed, err:	{"err": "expected exactly 5 fields, found 6: [0 0 2 * * ?]"}
[2025-10-31 20:52:01.467]	local.info	venturan_eams/main.go:23	log init success!
[2025-10-31 20:52:01.519]	local.error	bootstrap/cron.go:19	Cron task add failed, err:	{"err": "expected exactly 5 fields, found 6: [0 0 2 * * ?]"}
[2025-10-31 23:00:18.505]	local.info	venturan_eams/main.go:23	log init success!
[2025-10-31 23:00:18.554]	local.error	bootstrap/cron.go:19	Cron task add failed, err:	{"err": "expected exactly 5 fields, found 6: [0 0 2 * * ?]"}
[2025-10-31 23:40:30.655]	local.info	venturan_eams/main.go:23	log init success!
[2025-10-31 23:40:30.715]	local.error	bootstrap/cron.go:19	Cron task add failed, err:	{"err": "expected exactly 5 fields, found 6: [0 0 2 * * ?]"}
[2025-10-31 23:57:29.594]	local.info	venturan_eams/main.go:23	log init success!
[2025-10-31 23:57:29.645]	local.error	bootstrap/cron.go:19	Cron task add failed, err:	{"err": "expected exactly 5 fields, found 6: [0 0 2 * * ?]"}
[2025-11-01 00:15:08.194]	local.info	venturan_eams/main.go:23	log init success!
[2025-11-01 00:15:08.232]	local.error	bootstrap/cron.go:19	Cron task add failed, err:	{"err": "expected exactly 5 fields, found 6: [0 0 2 * * ?]"}
[2025-11-01 10:43:20.423]	local.info	venturan_eams/main.go:23	log init success!
[2025-11-01 10:43:20.634]	local.error	bootstrap/cron.go:19	Cron task add failed, err:	{"err": "expected exactly 5 fields, found 6: [0 0 2 * * ?]"}
[2025-11-01 15:17:25.497]	local.info	venturan_eams/main.go:23	log init success!
[2025-11-01 15:17:25.564]	local.error	bootstrap/cron.go:19	Cron task add failed, err:	{"err": "expected exactly 5 fields, found 6: [0 0 2 * * ?]"}
[2025-11-01 21:15:49.772]	local.info	venturan_eams/main.go:23	log init success!
[2025-11-01 21:15:49.816]	local.error	bootstrap/cron.go:19	Cron task add failed, err:	{"err": "expected exactly 5 fields, found 6: [0 0 2 * * ?]"}
[2025-11-01 23:57:05.618]	local.info	venturan_eams/main.go:23	log init success!
[2025-11-01 23:57:05.665]	local.error	bootstrap/cron.go:19	Cron task add failed, err:	{"err": "expected exactly 5 fields, found 6: [0 0 2 * * ?]"}
[2025-11-02 01:03:36.129]	local.info	venturan_eams/main.go:23	log init success!
[2025-11-02 01:03:36.167]	local.error	bootstrap/cron.go:19	Cron task add failed, err:	{"err": "expected exactly 5 fields, found 6: [0 0 2 * * ?]"}
[2025-11-02 01:23:18.945]	local.info	venturan_eams/main.go:23	log init success!
[2025-11-02 01:23:18.987]	local.error	bootstrap/cron.go:19	Cron task add failed, err:	{"err": "expected exactly 5 fields, found 6: [0 0 2 * * ?]"}
[2025-11-02 01:25:32.204]	local.info	venturan_eams/main.go:23	log init success!
[2025-11-02 01:25:32.247]	local.error	bootstrap/cron.go:19	Cron task add failed, err:	{"err": "expected exactly 5 fields, found 6: [0 0 2 * * ?]"}
[2025-11-02 01:27:05.043]	local.info	venturan_eams/main.go:23	log init success!
[2025-11-02 01:27:05.085]	local.error	bootstrap/cron.go:19	Cron task add failed, err:	{"err": "expected exactly 5 fields, found 6: [0 0 2 * * ?]"}
[2025-11-02 01:28:04.240]	local.info	venturan_eams/main.go:23	log init success!
[2025-11-02 01:28:04.305]	local.error	bootstrap/cron.go:19	Cron task add failed, err:	{"err": "expected exactly 5 fields, found 6: [0 0 2 * * ?]"}
[2025-11-02 01:29:36.365]	local.info	venturan_eams/main.go:23	log init success!
[2025-11-02 01:29:36.405]	local.error	bootstrap/cron.go:19	Cron task add failed, err:	{"err": "expected exactly 5 fields, found 6: [0 0 2 * * ?]"}
[2025-11-02 01:30:22.934]	local.info	venturan_eams/main.go:23	log init success!
[2025-11-02 01:30:22.977]	local.error	bootstrap/cron.go:19	Cron task add failed, err:	{"err": "expected exactly 5 fields, found 6: [0 0 2 * * ?]"}
[2025-11-02 01:34:17.194]	local.info	venturan_eams/main.go:23	log init success!
[2025-11-02 01:34:17.245]	local.error	bootstrap/cron.go:19	Cron task add failed, err:	{"err": "expected exactly 5 fields, found 6: [0 0 2 * * ?]"}
[2025-11-02 10:46:57.467]	local.info	venturan_eams/main.go:23	log init success!
[2025-11-02 10:46:57.528]	local.error	bootstrap/cron.go:19	Cron task add failed, err:	{"err": "expected exactly 5 fields, found 6: [0 0 2 * * ?]"}
[2025-11-02 10:48:57.579]	local.info	venturan_eams/main.go:23	log init success!
[2025-11-02 10:48:57.619]	local.error	bootstrap/cron.go:19	Cron task add failed, err:	{"err": "expected exactly 5 fields, found 6: [0 0 2 * * ?]"}
[2025-11-02 10:49:31.084]	local.info	venturan_eams/main.go:23	log init success!
[2025-11-02 10:49:31.123]	local.error	bootstrap/cron.go:19	Cron task add failed, err:	{"err": "expected exactly 5 fields, found 6: [0 0 2 * * ?]"}
[2025-11-02 10:49:53.737]	local.info	venturan_eams/main.go:23	log init success!
[2025-11-02 10:49:53.776]	local.error	bootstrap/cron.go:19	Cron task add failed, err:	{"err": "expected exactly 5 fields, found 6: [0 0 2 * * ?]"}
[2025-11-02 10:50:19.589]	local.info	venturan_eams/main.go:23	log init success!
[2025-11-02 10:50:19.630]	local.error	bootstrap/cron.go:19	Cron task add failed, err:	{"err": "expected exactly 5 fields, found 6: [0 0 2 * * ?]"}
[2025-11-02 10:52:53.794]	local.info	venturan_eams/main.go:23	log init success!
[2025-11-02 10:52:53.834]	local.error	bootstrap/cron.go:19	Cron task add failed, err:	{"err": "expected exactly 5 fields, found 6: [0 0 2 * * ?]"}
[2025-11-02 10:55:01.567]	local.info	venturan_eams/main.go:23	log init success!
[2025-11-02 10:55:01.604]	local.error	bootstrap/cron.go:19	Cron task add failed, err:	{"err": "expected exactly 5 fields, found 6: [0 0 2 * * ?]"}
[2025-11-02 10:55:51.077]	local.info	venturan_eams/main.go:23	log init success!
[2025-11-02 10:55:51.119]	local.error	bootstrap/cron.go:19	Cron task add failed, err:	{"err": "expected exactly 5 fields, found 6: [0 0 2 * * ?]"}
[2025-11-02 10:56:14.478]	local.info	venturan_eams/main.go:23	log init success!
[2025-11-02 10:56:14.522]	local.error	bootstrap/cron.go:19	Cron task add failed, err:	{"err": "expected exactly 5 fields, found 6: [0 0 2 * * ?]"}
[2025-11-02 10:56:33.183]	local.info	venturan_eams/main.go:23	log init success!
[2025-11-02 10:56:33.228]	local.error	bootstrap/cron.go:19	Cron task add failed, err:	{"err": "expected exactly 5 fields, found 6: [0 0 2 * * ?]"}
[2025-11-02 10:57:36.619]	local.info	venturan_eams/main.go:23	log init success!
[2025-11-02 10:57:36.668]	local.error	bootstrap/cron.go:19	Cron task add failed, err:	{"err": "expected exactly 5 fields, found 6: [0 0 2 * * ?]"}
[2025-11-02 11:00:36.905]	local.info	venturan_eams/main.go:23	log init success!
[2025-11-02 11:00:36.951]	local.error	bootstrap/cron.go:19	Cron task add failed, err:	{"err": "expected exactly 5 fields, found 6: [0 0 2 * * ?]"}
[2025-11-02 11:04:15.208]	local.info	venturan_eams/main.go:23	log init success!
[2025-11-02 11:04:15.249]	local.error	bootstrap/cron.go:19	Cron task add failed, err:	{"err": "expected exactly 5 fields, found 6: [0 0 2 * * ?]"}
[2025-11-02 11:57:11.678]	local.info	venturan_eams/main.go:23	log init success!
[2025-11-02 11:57:11.726]	local.error	bootstrap/cron.go:19	Cron task add failed, err:	{"err": "expected exactly 5 fields, found 6: [0 0 2 * * ?]"}
[2025-11-02 12:51:11.520]	local.info	venturan_eams/main.go:23	log init success!
[2025-11-02 12:51:11.558]	local.error	bootstrap/cron.go:19	Cron task add failed, err:	{"err": "expected exactly 5 fields, found 6: [0 0 2 * * ?]"}
[2025-11-02 12:56:27.476]	local.info	venturan_eams/main.go:23	log init success!
[2025-11-02 12:56:27.516]	local.error	bootstrap/cron.go:19	Cron task add failed, err:	{"err": "expected exactly 5 fields, found 6: [0 0 2 * * ?]"}
[2025-11-02 12:58:13.511]	local.info	venturan_eams/main.go:23	log init success!
[2025-11-02 12:58:13.551]	local.error	bootstrap/cron.go:19	Cron task add failed, err:	{"err": "expected exactly 5 fields, found 6: [0 0 2 * * ?]"}
[2025-11-02 13:03:31.968]	local.info	venturan_eams/main.go:23	log init success!
[2025-11-02 13:03:32.041]	local.error	bootstrap/cron.go:19	Cron task add failed, err:	{"err": "expected exactly 5 fields, found 6: [0 0 2 * * ?]"}
[2025-11-02 14:52:48.981]	local.info	venturan_eams/main.go:23	log init success!
[2025-11-02 14:52:49.024]	local.error	bootstrap/cron.go:19	Cron task add failed, err:	{"err": "expected exactly 5 fields, found 6: [0 0 2 * * ?]"}
[2025-11-02 15:20:31.481]	local.info	venturan_eams/main.go:23	log init success!
[2025-11-02 15:20:31.526]	local.error	bootstrap/cron.go:19	Cron task add failed, err:	{"err": "expected exactly 5 fields, found 6: [0 0 2 * * ?]"}
[2025-11-02 15:21:26.161]	local.info	venturan_eams/main.go:23	log init success!
[2025-11-02 15:21:26.208]	local.error	bootstrap/cron.go:19	Cron task add failed, err:	{"err": "expected exactly 5 fields, found 6: [0 0 2 * * ?]"}
[2025-11-02 15:22:24.670]	local.info	venturan_eams/main.go:23	log init success!
[2025-11-02 15:22:24.712]	local.error	bootstrap/cron.go:19	Cron task add failed, err:	{"err": "expected exactly 5 fields, found 6: [0 0 2 * * ?]"}
[2025-11-02 15:22:49.853]	local.info	venturan_eams/main.go:23	log init success!
[2025-11-02 15:22:49.896]	local.error	bootstrap/cron.go:19	Cron task add failed, err:	{"err": "expected exactly 5 fields, found 6: [0 0 2 * * ?]"}
[2025-11-02 15:23:58.753]	local.info	venturan_eams/main.go:23	log init success!
[2025-11-02 15:23:58.796]	local.error	bootstrap/cron.go:19	Cron task add failed, err:	{"err": "expected exactly 5 fields, found 6: [0 0 2 * * ?]"}
[2025-11-02 15:24:09.984]	local.info	venturan_eams/main.go:23	log init success!
[2025-11-02 15:24:10.023]	local.error	bootstrap/cron.go:19	Cron task add failed, err:	{"err": "expected exactly 5 fields, found 6: [0 0 2 * * ?]"}
[2025-11-02 15:25:08.241]	local.info	venturan_eams/main.go:23	log init success!
[2025-11-02 15:25:08.283]	local.error	bootstrap/cron.go:19	Cron task add failed, err:	{"err": "expected exactly 5 fields, found 6: [0 0 2 * * ?]"}
[2025-11-02 15:25:54.717]	local.info	venturan_eams/main.go:23	log init success!
[2025-11-02 15:25:54.758]	local.error	bootstrap/cron.go:19	Cron task add failed, err:	{"err": "expected exactly 5 fields, found 6: [0 0 2 * * ?]"}
[2025-11-02 15:26:29.527]	local.info	venturan_eams/main.go:23	log init success!
[2025-11-02 15:26:29.574]	local.error	bootstrap/cron.go:19	Cron task add failed, err:	{"err": "expected exactly 5 fields, found 6: [0 0 2 * * ?]"}
[2025-11-02 15:27:14.893]	local.info	venturan_eams/main.go:23	log init success!
[2025-11-02 15:27:14.938]	local.error	bootstrap/cron.go:19	Cron task add failed, err:	{"err": "expected exactly 5 fields, found 6: [0 0 2 * * ?]"}
[2025-11-02 15:27:58.434]	local.info	venturan_eams/main.go:23	log init success!
[2025-11-02 15:27:58.474]	local.error	bootstrap/cron.go:19	Cron task add failed, err:	{"err": "expected exactly 5 fields, found 6: [0 0 2 * * ?]"}
[2025-11-02 15:29:17.861]	local.info	venturan_eams/main.go:23	log init success!
[2025-11-02 15:29:17.901]	local.error	bootstrap/cron.go:19	Cron task add failed, err:	{"err": "expected exactly 5 fields, found 6: [0 0 2 * * ?]"}
[2025-11-02 15:31:21.765]	local.info	venturan_eams/main.go:23	log init success!
[2025-11-02 15:31:21.811]	local.error	bootstrap/cron.go:19	Cron task add failed, err:	{"err": "expected exactly 5 fields, found 6: [0 0 2 * * ?]"}
[2025-11-02 15:31:53.841]	local.info	venturan_eams/main.go:23	log init success!
[2025-11-02 15:31:53.885]	local.error	bootstrap/cron.go:19	Cron task add failed, err:	{"err": "expected exactly 5 fields, found 6: [0 0 2 * * ?]"}
[2025-11-02 15:32:49.933]	local.info	venturan_eams/main.go:23	log init success!
[2025-11-02 15:32:49.970]	local.error	bootstrap/cron.go:19	Cron task add failed, err:	{"err": "expected exactly 5 fields, found 6: [0 0 2 * * ?]"}
[2025-11-02 15:33:06.034]	local.info	venturan_eams/main.go:23	log init success!
[2025-11-02 15:33:06.080]	local.error	bootstrap/cron.go:19	Cron task add failed, err:	{"err": "expected exactly 5 fields, found 6: [0 0 2 * * ?]"}
[2025-11-02 15:59:04.397]	local.info	venturan_eams/main.go:23	log init success!
[2025-11-02 15:59:04.454]	local.error	bootstrap/cron.go:19	Cron task add failed, err:	{"err": "expected exactly 5 fields, found 6: [0 0 2 * * ?]"}
[2025-11-02 15:59:26.860]	local.info	venturan_eams/main.go:23	log init success!
[2025-11-02 15:59:26.908]	local.error	bootstrap/cron.go:19	Cron task add failed, err:	{"err": "expected exactly 5 fields, found 6: [0 0 2 * * ?]"}
[2025-11-02 16:00:54.067]	local.info	venturan_eams/main.go:23	log init success!
[2025-11-02 16:00:54.116]	local.error	bootstrap/cron.go:19	Cron task add failed, err:	{"err": "expected exactly 5 fields, found 6: [0 0 2 * * ?]"}
[2025-11-02 16:02:45.029]	local.info	venturan_eams/main.go:23	log init success!
[2025-11-02 16:02:45.073]	local.error	bootstrap/cron.go:19	Cron task add failed, err:	{"err": "expected exactly 5 fields, found 6: [0 0 2 * * ?]"}
[2025-11-02 16:02:58.984]	local.info	venturan_eams/main.go:23	log init success!
[2025-11-02 16:02:59.038]	local.error	bootstrap/cron.go:19	Cron task add failed, err:	{"err": "expected exactly 5 fields, found 6: [0 0 2 * * ?]"}
[2025-11-02 16:03:29.146]	local.info	venturan_eams/main.go:23	log init success!
[2025-11-02 16:03:29.192]	local.error	bootstrap/cron.go:19	Cron task add failed, err:	{"err": "expected exactly 5 fields, found 6: [0 0 2 * * ?]"}
[2025-11-02 16:06:33.895]	local.info	venturan_eams/main.go:23	log init success!
[2025-11-02 16:06:33.942]	local.error	bootstrap/cron.go:19	Cron task add failed, err:	{"err": "expected exactly 5 fields, found 6: [0 0 2 * * ?]"}
[2025-11-02 16:07:37.636]	local.info	venturan_eams/main.go:23	log init success!
[2025-11-02 16:07:37.685]	local.error	bootstrap/cron.go:19	Cron task add failed, err:	{"err": "expected exactly 5 fields, found 6: [0 0 2 * * ?]"}
[2025-11-02 17:50:58.287]	local.info	venturan_eams/main.go:23	log init success!
[2025-11-02 17:50:58.357]	local.error	bootstrap/cron.go:19	Cron task add failed, err:	{"err": "expected exactly 5 fields, found 6: [0 0 2 * * ?]"}
[2025-11-02 17:51:16.435]	local.info	venturan_eams/main.go:23	log init success!
[2025-11-02 17:51:16.486]	local.error	bootstrap/cron.go:19	Cron task add failed, err:	{"err": "expected exactly 5 fields, found 6: [0 0 2 * * ?]"}
[2025-11-02 18:28:47.691]	local.info	venturan_eams/main.go:23	log init success!
[2025-11-02 18:28:47.758]	local.error	bootstrap/cron.go:19	Cron task add failed, err:	{"err": "expected exactly 5 fields, found 6: [0 0 2 * * ?]"}
[2025-11-04 00:38:02.084]	local.info	venturan_eams/main.go:23	log init success!
[2025-11-04 00:38:02.145]	local.error	bootstrap/cron.go:19	Cron task add failed, err:	{"err": "expected exactly 5 fields, found 6: [0 0 2 * * ?]"}
[2025-11-05 00:27:24.218]	local.info	venturan_eams/main.go:23	log init success!
[2025-11-05 00:27:24.281]	local.error	bootstrap/cron.go:19	Cron task add failed, err:	{"err": "expected exactly 5 fields, found 6: [0 0 2 * * ?]"}
[2025-11-05 00:32:14.769]	local.info	venturan_eams/main.go:23	log init success!
[2025-11-05 00:32:14.817]	local.error	bootstrap/cron.go:19	Cron task add failed, err:	{"err": "expected exactly 5 fields, found 6: [0 0 2 * * ?]"}
[2025-11-05 00:57:01.651]	local.info	venturan_eams/main.go:23	log init success!
[2025-11-05 00:57:01.694]	local.error	bootstrap/cron.go:19	Cron task add failed, err:	{"err": "expected exactly 5 fields, found 6: [0 0 2 * * ?]"}
