
2025/10/15 15:56:20 /Users/atlas/go/src/venturan_eams/bootstrap/db.go:61
[0.105ms] [rows:-] SELECT DATABASE()

2025/10/15 15:56:20 /Users/atlas/go/src/venturan_eams/bootstrap/db.go:61
[0.916ms] [rows:1] SELECT SCHEMA_NAME from Information_schema.SCHEMATA where SCHEMA_NAME LIKE 'gin_gateway%' ORDER BY SCHEMA_NAME='gin_gateway' DESC,SCHEMA_NAME limit 1

2025/10/15 15:56:20 /Users/atlas/go/src/venturan_eams/bootstrap/db.go:61
[1.321ms] [rows:-] SELECT count(*) FROM information_schema.tables WHERE table_schema = 'gin_gateway' AND table_name = 'users' AND table_type = 'BASE TABLE'

2025/10/15 15:56:20 /Users/atlas/go/src/venturan_eams/bootstrap/db.go:61
[0.232ms] [rows:-] SELECT DATABASE()

2025/10/15 15:56:20 /Users/atlas/go/src/venturan_eams/bootstrap/db.go:61
[0.914ms] [rows:1] SELECT SCHEMA_NAME from Information_schema.SCHEMATA where SCHEMA_NAME LIKE 'gin_gateway%' ORDER BY SCHEMA_NAME='gin_gateway' DESC,SCHEMA_NAME limit 1

2025/10/15 15:56:20 /Users/atlas/go/src/venturan_eams/bootstrap/db.go:61
[0.733ms] [rows:-] SELECT * FROM `users` LIMIT 1

2025/10/15 15:56:20 /Users/atlas/go/src/venturan_eams/bootstrap/db.go:61
[2.461ms] [rows:-] SELECT column_name, column_default, is_nullable = 'YES', data_type, character_maximum_length, column_type, column_key, extra, column_comment, numeric_precision, numeric_scale FROM information_schema.columns WHERE table_schema = 'gin_gateway' AND table_name = 'users' ORDER BY ORDINAL_POSITION

2025/10/15 15:56:20 /Users/atlas/go/src/venturan_eams/bootstrap/db.go:61
[0.203ms] [rows:-] SELECT DATABASE()

2025/10/15 15:56:20 /Users/atlas/go/src/venturan_eams/bootstrap/db.go:61
[0.885ms] [rows:1] SELECT SCHEMA_NAME from Information_schema.SCHEMATA where SCHEMA_NAME LIKE 'gin_gateway%' ORDER BY SCHEMA_NAME='gin_gateway' DESC,SCHEMA_NAME limit 1

2025/10/15 15:56:20 /Users/atlas/go/src/venturan_eams/bootstrap/db.go:61
[1.713ms] [rows:-] SELECT count(*) FROM information_schema.statistics WHERE table_schema = 'gin_gateway' AND table_name = 'users' AND index_name = 'idx_users_mobile'

2025/10/15 15:56:20 /Users/atlas/go/src/venturan_eams/bootstrap/db.go:61
[0.311ms] [rows:-] SELECT DATABASE()

2025/10/15 15:56:20 /Users/atlas/go/src/venturan_eams/bootstrap/db.go:61
[0.892ms] [rows:1] SELECT SCHEMA_NAME from Information_schema.SCHEMATA where SCHEMA_NAME LIKE 'gin_gateway%' ORDER BY SCHEMA_NAME='gin_gateway' DESC,SCHEMA_NAME limit 1

2025/10/15 15:56:20 /Users/atlas/go/src/venturan_eams/bootstrap/db.go:61
[1.986ms] [rows:-] SELECT count(*) FROM information_schema.statistics WHERE table_schema = 'gin_gateway' AND table_name = 'users' AND index_name = 'idx_users_is_deleted'

2025/10/15 15:56:46 /Users/atlas/go/src/venturan_eams/bootstrap/db.go:61
[0.171ms] [rows:-] SELECT DATABASE()

2025/10/15 15:56:46 /Users/atlas/go/src/venturan_eams/bootstrap/db.go:61
[1.379ms] [rows:1] SELECT SCHEMA_NAME from Information_schema.SCHEMATA where SCHEMA_NAME LIKE 'gin_gateway%' ORDER BY SCHEMA_NAME='gin_gateway' DESC,SCHEMA_NAME limit 1

2025/10/15 15:56:46 /Users/atlas/go/src/venturan_eams/bootstrap/db.go:61
[2.095ms] [rows:-] SELECT count(*) FROM information_schema.tables WHERE table_schema = 'gin_gateway' AND table_name = 'users' AND table_type = 'BASE TABLE'

2025/10/15 15:56:46 /Users/atlas/go/src/venturan_eams/bootstrap/db.go:61
[14.909ms] [rows:0] CREATE TABLE `users` (`id` bigint unsigned AUTO_INCREMENT,`name` varchar(191) NOT NULL COMMENT '用户名称',`email` varchar(191) COMMENT '邮箱地址',`avatar` varchar(191) COMMENT '头像',`mobile` varchar(191) NOT NULL COMMENT '用户手机号',`password` varchar(191) NOT NULL DEFAULT '' COMMENT '用户密码',`created_at` datetime NULL,`updated_at` datetime NULL,`is_deleted` datetime NULL,PRIMARY KEY (`id`),INDEX `idx_users_mobile` (`mobile`),INDEX `idx_users_is_deleted` (`is_deleted`))

2025/10/15 17:07:02 /Users/atlas/go/src/venturan_eams/bootstrap/db.go:61
[0.212ms] [rows:-] SELECT DATABASE()

2025/10/15 17:07:02 /Users/atlas/go/src/venturan_eams/bootstrap/db.go:61
[1.393ms] [rows:1] SELECT SCHEMA_NAME from Information_schema.SCHEMATA where SCHEMA_NAME LIKE 'gin_gateway%' ORDER BY SCHEMA_NAME='gin_gateway' DESC,SCHEMA_NAME limit 1

2025/10/15 17:07:02 /Users/atlas/go/src/venturan_eams/bootstrap/db.go:61
[1.854ms] [rows:-] SELECT count(*) FROM information_schema.tables WHERE table_schema = 'gin_gateway' AND table_name = 'users' AND table_type = 'BASE TABLE'

2025/10/15 17:07:02 /Users/atlas/go/src/venturan_eams/bootstrap/db.go:61
[0.193ms] [rows:-] SELECT DATABASE()

2025/10/15 17:07:02 /Users/atlas/go/src/venturan_eams/bootstrap/db.go:61
[0.727ms] [rows:1] SELECT SCHEMA_NAME from Information_schema.SCHEMATA where SCHEMA_NAME LIKE 'gin_gateway%' ORDER BY SCHEMA_NAME='gin_gateway' DESC,SCHEMA_NAME limit 1

2025/10/15 17:07:02 /Users/atlas/go/src/venturan_eams/bootstrap/db.go:61
[2.341ms] [rows:-] SELECT * FROM `users` LIMIT 1

2025/10/15 17:07:02 /Users/atlas/go/src/venturan_eams/bootstrap/db.go:61
[1.498ms] [rows:-] SELECT column_name, column_default, is_nullable = 'YES', data_type, character_maximum_length, column_type, column_key, extra, column_comment, numeric_precision, numeric_scale FROM information_schema.columns WHERE table_schema = 'gin_gateway' AND table_name = 'users' ORDER BY ORDINAL_POSITION

2025/10/15 17:07:02 /Users/atlas/go/src/venturan_eams/bootstrap/db.go:61
[0.138ms] [rows:-] SELECT DATABASE()

2025/10/15 17:07:02 /Users/atlas/go/src/venturan_eams/bootstrap/db.go:61
[0.534ms] [rows:1] SELECT SCHEMA_NAME from Information_schema.SCHEMATA where SCHEMA_NAME LIKE 'gin_gateway%' ORDER BY SCHEMA_NAME='gin_gateway' DESC,SCHEMA_NAME limit 1

2025/10/15 17:07:02 /Users/atlas/go/src/venturan_eams/bootstrap/db.go:61
[1.102ms] [rows:-] SELECT count(*) FROM information_schema.statistics WHERE table_schema = 'gin_gateway' AND table_name = 'users' AND index_name = 'idx_users_mobile'

2025/10/15 17:07:02 /Users/atlas/go/src/venturan_eams/bootstrap/db.go:61
[0.137ms] [rows:-] SELECT DATABASE()

2025/10/15 17:07:02 /Users/atlas/go/src/venturan_eams/bootstrap/db.go:61
[0.586ms] [rows:1] SELECT SCHEMA_NAME from Information_schema.SCHEMATA where SCHEMA_NAME LIKE 'gin_gateway%' ORDER BY SCHEMA_NAME='gin_gateway' DESC,SCHEMA_NAME limit 1

2025/10/15 17:07:02 /Users/atlas/go/src/venturan_eams/bootstrap/db.go:61
[0.956ms] [rows:-] SELECT count(*) FROM information_schema.statistics WHERE table_schema = 'gin_gateway' AND table_name = 'users' AND index_name = 'idx_users_is_deleted'
